#
# A fatal error has been detected by the Java Runtime Environment:
#
#  EXCEPTION_ACCESS_VIOLATION (0xc0000005) at pc=0x00007ffd97f15039, pid=13388, tid=1468
#
# JRE version: OpenJDK Runtime Environment (11.0.13) (build 11.0.13+0-b1751.21-8125866)
# Java VM: OpenJDK 64-Bit Server VM (11.0.13+0-b1751.21-8125866, mixed mode, tiered, compressed oops, g1 gc, windows-amd64)
# Problematic frame:
# V  [jvm.dll+0x2e5039]
#
# No core dump will be written. Minidumps are not enabled by default on client versions of Windows
#
# If you would like to submit a bug report, please visit:
#   https://bugreport.java.com/bugreport/crash.jsp
#

---------------  S U M M A R Y ------------

Command Line: -XX:MaxMetaspaceSize=512m --add-opens=java.base/java.util=ALL-UNNAMED --add-opens=java.base/java.lang=ALL-UNNAMED --add-opens=java.base/java.lang.invoke=ALL-UNNAMED --add-opens=java.base/java.util=ALL-UNNAMED --add-opens=java.prefs/java.util.prefs=ALL-UNNAMED --add-opens=java.prefs/java.util.prefs=ALL-UNNAMED --add-opens=java.base/java.nio.charset=ALL-UNNAMED --add-opens=java.base/java.net=ALL-UNNAMED --add-opens=java.base/java.util.concurrent.atomic=ALL-UNNAMED -Xmx2048m -Dfile.encoding=windows-1252 -Duser.country=US -Duser.language=en -Duser.variant org.gradle.launcher.daemon.bootstrap.GradleDaemon 7.5.1

Host: Intel(R) Core(TM) i7-8650U CPU @ 1.90GHz, 8 cores, 7G,  Windows 10 , 64 bit Build 19041 (10.0.19041.3031)
Time: Tue Jun 27 15:44:39 2023 W. Central Africa Standard Time elapsed time: 440.316814 seconds (0d 0h 7m 20s)

---------------  T H R E A D  ---------------

Current thread (0x00000217229ed000):  ConcurrentGCThread "G1 Conc#0" [stack: 0x0000009ce8700000,0x0000009ce8800000] [id=1468]

Stack: [0x0000009ce8700000,0x0000009ce8800000],  sp=0x0000009ce87ff500,  free space=1021k
Native frames: (J=compiled Java code, j=interpreted, Vv=VM code, C=native code)
V  [jvm.dll+0x2e5039]
V  [jvm.dll+0x2e4f66]
V  [jvm.dll+0x2dcdcd]
V  [jvm.dll+0x2dc681]
V  [jvm.dll+0x2eac0f]
V  [jvm.dll+0x2edda7]
V  [jvm.dll+0x2ed10c]
V  [jvm.dll+0x2f1826]
V  [jvm.dll+0x771260]
V  [jvm.dll+0x706a75]
V  [jvm.dll+0x60ed66]
C  [ucrtbase.dll+0x21bb2]
C  [KERNEL32.DLL+0x17614]
C  [ntdll.dll+0x526f1]


siginfo: EXCEPTION_ACCESS_VIOLATION (0xc0000005), reading address 0x0000000000000160


Register to memory mapping:

RIP=0x00007ffd97f15039 jvm.dll
RAX=0x00000217229caa80 points into unknown readable memory: 0x0000000000000000 | 00 00 00 00 00 00 00 00
RBX=0x0000000004569390 is an unknown value
RCX=0x00000217229e2490 points into unknown readable memory: 0x00000217229eb000 | 00 b0 9e 22 17 02 00 00
RDX=0x0000000000000001 is an unknown value
RSP=0x0000009ce87ff500 points into unknown readable memory: 0x0000000084569430 | 30 94 56 84 00 00 00 00
RBP=0x00000217229e2490 points into unknown readable memory: 0x00000217229eb000 | 00 b0 9e 22 17 02 00 00
RSI=0x0000000100001a68 is pointing into metadata
RDI=0x0000000004569390 is an unknown value
R8 =0x0 is NULL
R9 =0x0000000004569390 is an unknown value
R10=0x00000217229e2490 points into unknown readable memory: 0x00000217229eb000 | 00 b0 9e 22 17 02 00 00
R11=0x346dc5d63886594b is an unknown value
R12=0x0000000000000001 is an unknown value
R13=0x0000000000000001 is an unknown value
R14=0x0000000000000001 is an unknown value
R15=0x0000000084569378 is an oop: java.lang.String 
{0x0000000084569378} - klass: 'java/lang/String'


Registers:
RAX=0x00000217229caa80, RBX=0x0000000004569390, RCX=0x00000217229e2490, RDX=0x0000000000000001
RSP=0x0000009ce87ff500, RBP=0x00000217229e2490, RSI=0x0000000100001a68, RDI=0x0000000004569390
R8 =0x0000000000000000, R9 =0x0000000004569390, R10=0x00000217229e2490, R11=0x346dc5d63886594b
R12=0x0000000000000001, R13=0x0000000000000001, R14=0x0000000000000001, R15=0x0000000084569378
RIP=0x00007ffd97f15039, EFLAGS=0x0000000000010206

Top of Stack: (sp=0x0000009ce87ff500)
0x0000009ce87ff500:   0000000084569430 00007ffd97f1507a
0x0000009ce87ff510:   0000000084569430 0000009ce87ff6c8
0x0000009ce87ff520:   0000000100001a70 00007ffd97f14f66
0x0000009ce87ff530:   00000217229ed601 00007ffd97f14f66
0x0000009ce87ff540:   00000217229f3ef0 0000009ce87ff6c8
0x0000009ce87ff550:   0000000000000000 0000009ce87ff6c8
0x0000009ce87ff560:   0000000084569388 00007ffd97f0cdcd
0x0000009ce87ff570:   0000000000000003 0000000084569384
0x0000009ce87ff580:   0000000084569418 0000000084569428
0x0000009ce87ff590:   0000000000000000 00000217229ed601
0x0000009ce87ff5a0:   0000000100001808 00007ffd97f0c681
0x0000009ce87ff5b0:   0000000000000003 0000009ce87ff6c8
0x0000009ce87ff5c0:   0000000084569378 00000217229ed6a0
0x0000009ce87ff5d0:   0000000084569378 00007ffd97f1ac0f
0x0000009ce87ff5e0:   00000217229f3ef0 0000009ce87ff719
0x0000009ce87ff5f0:   0000000000000000 0000000000000000 

Instructions: (pc=0x00007ffd97f15039)
0x00007ffd97f14f39:   00 00 00 00 48 8b fa 4c 8b ca 49 8b 42 08 8b 53
0x00007ffd97f14f49:   10 8b 88 c0 02 00 00 48 8b 80 b0 02 00 00 49 d3
0x00007ffd97f14f59:   e8 49 8b ca 4e 8b 04 c0 e8 ba 00 00 00 84 c0 75
0x00007ffd97f14f69:   0b 48 8b 5c 24 48 48 83 c4 30 5f c3 48 8b 43 20
0x00007ffd97f14f79:   48 8b 88 d8 02 00 00 48 8b 83 98 00 00 00 48 85
0x00007ffd97f14f89:   c0 74 0e 48 3b f8 72 0e 48 3b bb a0 00 00 00 72
0x00007ffd97f14f99:   77 48 3b f9 73 72 80 3d 33 32 74 00 00 74 15 8b
0x00007ffd97f14fa9:   47 08 8b 0d 67 9e 6f 00 48 d3 e0 48 03 05 55 9e
0x00007ffd97f14fb9:   6f 00 eb 04 48 8b 47 08 81 78 08 00 00 00 c0 72
0x00007ffd97f14fc9:   35 48 8b 83 b0 00 00 00 48 39 83 a8 00 00 00 73
0x00007ffd97f14fd9:   10 48 8b 83 c8 00 00 00 48 39 83 c0 00 00 00 72
0x00007ffd97f14fe9:   27 48 8b cb e8 0e a5 00 00 b0 01 48 8b 5c 24 48
0x00007ffd97f14ff9:   48 83 c4 30 5f c3 48 8d 54 24 40 48 89 7c 24 40
0x00007ffd97f15009:   48 8b cb e8 6f 19 00 00 b0 01 48 8b 5c 24 48 48
0x00007ffd97f15019:   83 c4 30 5f c3 cc cc 48 89 5c 24 18 48 89 6c 24
0x00007ffd97f15029:   20 41 56 48 83 ec 20 49 8b d9 44 8b f2 48 8b e9
0x00007ffd97f15039:   4d 3b 88 60 01 00 00 72 13 32 c0 48 8b 5c 24 40
0x00007ffd97f15049:   48 8b 6c 24 48 48 83 c4 20 41 5e c3 48 8b 81 90
0x00007ffd97f15059:   00 00 00 48 8b d3 48 89 74 24 30 48 2b 10 8b 48
0x00007ffd97f15069:   10 48 c1 ea 03 48 d3 ea 48 8d 48 18 e8 b6 e0 e2
0x00007ffd97f15079:   ff 0f b6 f0 84 c0 74 6f 48 89 7c 24 38 48 8b 7c
0x00007ffd97f15089:   24 50 48 85 ff 75 2d 40 38 3d 42 31 74 00 74 15
0x00007ffd97f15099:   8b 53 08 8b 0d 76 9d 6f 00 48 d3 e2 48 03 15 64
0x00007ffd97f150a9:   9d 6f 00 eb 04 48 8b 53 08 48 8b cb e8 86 d2 ea
0x00007ffd97f150b9:   ff 48 63 f8 48 8b 85 f0 02 00 00 8b 0d c6 38 74
0x00007ffd97f150c9:   00 4a 8b 14 f0 48 8b 42 18 48 8b 40 10 48 2b d8
0x00007ffd97f150d9:   48 d3 eb 48 8d 4a 38 8b d3 e8 b9 e4 ff ff 48 01
0x00007ffd97f150e9:   78 08 48 8b 7c 24 38 48 8b 5c 24 40 40 0f b6 c6
0x00007ffd97f150f9:   48 8b 74 24 30 48 8b 6c 24 48 48 83 c4 20 41 5e
0x00007ffd97f15109:   c3 cc cc cc cc cc cc 4c 8b 81 b8 02 00 00 48 8b
0x00007ffd97f15119:   81 a8 02 00 00 8b 91 c0 02 00 00 49 03 c0 8b ca
0x00007ffd97f15129:   48 d3 e0 49 d3 e0 49 2b c0 48 83 e0 f8 c3 cc cc 


Stack slot to memory mapping:
stack at sp + 0 slots: 0x0000000084569430 is an oop: java.util.LinkedHashMap$Entry 
{0x0000000084569430} - klass: 'java/util/LinkedHashMap$Entry'
stack at sp + 1 slots: 0x00007ffd97f1507a jvm.dll
stack at sp + 2 slots: 0x0000000084569430 is an oop: java.util.LinkedHashMap$Entry 
{0x0000000084569430} - klass: 'java/util/LinkedHashMap$Entry'
stack at sp + 3 slots: 0x0000009ce87ff6c8 points into unknown readable memory: 0x00007ffd984795c0 | c0 95 47 98 fd 7f 00 00
stack at sp + 4 slots: 0x0000000100001a70 is a pointer to class: 
java.lang.reflect.AnnotatedElement {0x0000000100001a78}
stack at sp + 5 slots: 0x00007ffd97f14f66 jvm.dll
stack at sp + 6 slots: 0x00000217229ed601 points into unknown readable memory: 00 00 00 00 00 00 00
stack at sp + 7 slots: 0x00007ffd97f14f66 jvm.dll


---------------  P R O C E S S  ---------------

Threads class SMR info:
_java_thread_list=0x0000021745382010, length=77, elements={
0x00000217229a2000, 0x000002173ce1b000, 0x000002173ce1c000, 0x000002173ce36000,
0x000002173ce39000, 0x000002173ce3a000, 0x000002173ce3d800, 0x000002173ce40800,
0x000002173ce42800, 0x000002173d8f7800, 0x000002173e0cc000, 0x000002173f6fd000,
0x000002173f168800, 0x000002173d83c800, 0x000002173eba8800, 0x000002173ec3f000,
0x000002173ec3f800, 0x000002173ec3e000, 0x000002173ec40800, 0x000002173ec3d000,
0x000002173ec3c800, 0x000002173daf1800, 0x000002173daf2800, 0x000002173daed800,
0x000002173daf3000, 0x000002173daee000, 0x000002173daf4800, 0x000002173daef000,
0x000002173daf7000, 0x000002173daf5800, 0x0000021741f2b000, 0x0000021741f33000,
0x0000021741f2f000, 0x0000021741f29800, 0x0000021741f2d800, 0x0000021741f2a000,
0x0000021741f30000, 0x0000021741f2e000, 0x0000021741f2b800, 0x0000021741f2c800,
0x0000021741f35800, 0x0000021741bd9000, 0x0000021741f30800, 0x0000021741f32800,
0x0000021741f36800, 0x0000021741f37000, 0x0000021741f31800, 0x0000021741f38000,
0x0000021741f34000, 0x0000021741f34800, 0x000002173daf6800, 0x000002173daf0800,
0x000002173daf8000, 0x000002173dafc000, 0x000002173dafa800, 0x000002173daf9000,
0x000002173daf9800, 0x000002173dafb000, 0x000002173ec42000, 0x000002173ec41800,
0x000002173ec43000, 0x00000217416d5000, 0x00000217416d2000, 0x00000217416d3800,
0x00000217416d4800, 0x00000217416d2800, 0x00000217416d6000, 0x00000217416d0800,
0x00000217416d7000, 0x00000217416d1000, 0x00000217416db800, 0x00000217416d8800,
0x00000217416d9000, 0x00000217416dc800, 0x00000217416da000, 0x00000217416dd800,
0x00000217416d7800
}

Java Threads: ( => current thread )
  0x00000217229a2000 JavaThread "main" [_thread_blocked, id=17916, stack(0x0000009ce8400000,0x0000009ce8500000)]
  0x000002173ce1b000 JavaThread "Reference Handler" daemon [_thread_blocked, id=1932, stack(0x0000009ce8b00000,0x0000009ce8c00000)]
  0x000002173ce1c000 JavaThread "Finalizer" daemon [_thread_blocked, id=1920, stack(0x0000009ce8c00000,0x0000009ce8d00000)]
  0x000002173ce36000 JavaThread "Signal Dispatcher" daemon [_thread_blocked, id=18224, stack(0x0000009ce8d00000,0x0000009ce8e00000)]
  0x000002173ce39000 JavaThread "Attach Listener" daemon [_thread_blocked, id=744, stack(0x0000009ce8e00000,0x0000009ce8f00000)]
  0x000002173ce3a000 JavaThread "Service Thread" daemon [_thread_blocked, id=1952, stack(0x0000009ce8f00000,0x0000009ce9000000)]
  0x000002173ce3d800 JavaThread "C2 CompilerThread0" daemon [_thread_blocked, id=2024, stack(0x0000009ce9000000,0x0000009ce9100000)]
  0x000002173ce40800 JavaThread "C1 CompilerThread0" daemon [_thread_blocked, id=2044, stack(0x0000009ce9100000,0x0000009ce9200000)]
  0x000002173ce42800 JavaThread "Sweeper thread" daemon [_thread_blocked, id=2028, stack(0x0000009ce9200000,0x0000009ce9300000)]
  0x000002173d8f7800 JavaThread "Common-Cleaner" daemon [_thread_blocked, id=740, stack(0x0000009ce9300000,0x0000009ce9400000)]
  0x000002173e0cc000 JavaThread "Daemon health stats" [_thread_blocked, id=3108, stack(0x0000009ce9500000,0x0000009ce9600000)]
  0x000002173f6fd000 JavaThread "Incoming local TCP Connector on port 56346" [_thread_in_native, id=15316, stack(0x0000009ce9800000,0x0000009ce9900000)]
  0x000002173f168800 JavaThread "Daemon periodic checks" [_thread_blocked, id=15320, stack(0x0000009ce9900000,0x0000009ce9a00000)]
  0x000002173d83c800 JavaThread "Daemon" [_thread_blocked, id=3492, stack(0x0000009ce9a00000,0x0000009ce9b00000)]
  0x000002173eba8800 JavaThread "Daemon worker" [_thread_in_Java, id=14476, stack(0x0000009ce9d00000,0x0000009ce9e00000)]
  0x000002173ec3f000 JavaThread "Cache worker for journal cache (C:\Users\user\.gradle\caches\journal-1)" [_thread_blocked, id=15304, stack(0x0000009cea600000,0x0000009cea700000)]
  0x000002173ec3f800 JavaThread "File lock request listener" [_thread_in_native, id=3820, stack(0x0000009cea700000,0x0000009cea800000)]
  0x000002173ec3e000 JavaThread "Cache worker for file hash cache (C:\Users\user\.gradle\caches\7.5.1\fileHashes)" [_thread_blocked, id=4000, stack(0x0000009cea800000,0x0000009cea900000)]
  0x000002173ec40800 JavaThread "File watcher server" daemon [_thread_in_native, id=7780, stack(0x0000009ceaa00000,0x0000009ceab00000)]
  0x000002173ec3d000 JavaThread "File watcher consumer" daemon [_thread_blocked, id=14872, stack(0x0000009ceab00000,0x0000009ceac00000)]
  0x000002173ec3c800 JavaThread "Cache worker for file content cache (C:\Users\user\.gradle\caches\7.5.1\fileContent)" [_thread_blocked, id=2000, stack(0x0000009ceae00000,0x0000009ceaf00000)]
  0x000002173daf1800 JavaThread "Cache worker for execution history cache (C:\Users\user\.gradle\caches\7.5.1\executionHistory)" [_thread_blocked, id=7492, stack(0x0000009ceb100000,0x0000009ceb200000)]
  0x000002173daf2800 JavaThread "jar transforms" [_thread_blocked, id=13136, stack(0x0000009ceb400000,0x0000009ceb500000)]
  0x000002173daed800 JavaThread "jar transforms Thread 2" [_thread_blocked, id=18304, stack(0x0000009ceb500000,0x0000009ceb600000)]
  0x000002173daf3000 JavaThread "jar transforms Thread 3" [_thread_blocked, id=11452, stack(0x0000009ceb200000,0x0000009ceb300000)]
  0x000002173daee000 JavaThread "jar transforms Thread 4" [_thread_blocked, id=17712, stack(0x0000009ceb300000,0x0000009ceb400000)]
  0x000002173daf4800 JavaThread "Cache worker for kotlin-dsl (C:\Users\user\.gradle\caches\7.5.1\kotlin-dsl)" [_thread_blocked, id=17844, stack(0x0000009ce8300000,0x0000009ce8400000)]
  0x000002173daef000 JavaThread "jar transforms Thread 5" [_thread_blocked, id=16040, stack(0x0000009ceb800000,0x0000009ceb900000)]
  0x000002173daf7000 JavaThread "jar transforms Thread 6" [_thread_blocked, id=16052, stack(0x0000009ceb900000,0x0000009ceba00000)]
  0x000002173daf5800 JavaThread "jar transforms Thread 7" [_thread_blocked, id=12100, stack(0x0000009cebc00000,0x0000009cebd00000)]
  0x0000021741f2b000 JavaThread "jar transforms Thread 8" [_thread_blocked, id=13996, stack(0x0000009cede00000,0x0000009cedf00000)]
  0x0000021741f33000 JavaThread "Memory manager" [_thread_blocked, id=16232, stack(0x0000009cee000000,0x0000009cee100000)]
  0x0000021741f2f000 JavaThread "Handler for socket connection from /127.0.0.1:56346 to /127.0.0.1:64750" [_thread_in_native, id=12588, stack(0x0000009ce8200000,0x0000009ce8300000)]
  0x0000021741f29800 JavaThread "Cancel handler" [_thread_blocked, id=10580, stack(0x0000009ce9b00000,0x0000009ce9c00000)]
  0x0000021741f2d800 JavaThread "Asynchronous log dispatcher for DefaultDaemonConnection: socket connection from /127.0.0.1:56346 to /127.0.0.1:64750" [_thread_blocked, id=3416, stack(0x0000009ce9c00000,0x0000009ce9d00000)]
  0x0000021741f2a000 JavaThread "Stdin handler" [_thread_blocked, id=15532, stack(0x0000009ce9e00000,0x0000009ce9f00000)]
  0x0000021741f30000 JavaThread "Daemon client event forwarder" [_thread_blocked, id=12416, stack(0x0000009ce9f00000,0x0000009cea000000)]
  0x0000021741f2e000 JavaThread "Cache worker for checksums cache (C:\Users\user\Documents\Project\lms\frontend\android\.gradle\7.5.1\checksums)" [_thread_blocked, id=16472, stack(0x0000009cea000000,0x0000009cea100000)]
  0x0000021741f2b800 JavaThread "Cache worker for cache directory md-rule (C:\Users\user\.gradle\caches\7.5.1\md-rule)" [_thread_blocked, id=17832, stack(0x0000009ceac00000,0x0000009cead00000)]
  0x0000021741f2c800 JavaThread "Cache worker for file hash cache (C:\Users\user\Documents\Project\lms\frontend\android\.gradle\7.5.1\fileHashes)" [_thread_blocked, id=14968, stack(0x0000009cead00000,0x0000009ceae00000)]
  0x0000021741f35800 JavaThread "Cache worker for cache directory md-supplier (C:\Users\user\.gradle\caches\7.5.1\md-supplier)" [_thread_blocked, id=12596, stack(0x0000009ceaf00000,0x0000009ceb000000)]
  0x0000021741bd9000 JavaThread "C2 CompilerThread1" daemon [_thread_in_native, id=2124, stack(0x0000009ceb000000,0x0000009ceb100000)]
  0x0000021741f30800 JavaThread "Cache worker for dependencies-accessors (C:\Users\user\Documents\Project\lms\frontend\android\.gradle\7.5.1\dependencies-accessors)" [_thread_blocked, id=7900, stack(0x0000009ceb600000,0x0000009ceb700000)]
  0x0000021741f32800 JavaThread "Cache worker for Build Output Cleanup Cache (C:\Users\user\Documents\Project\lms\frontend\node_modules\react-native-gradle-plugin\.gradle\buildOutputCleanup)" [_thread_blocked, id=3272, stack(0x0000009ceb700000,0x0000009ceb800000)]
  0x0000021741f36800 JavaThread "Unconstrained build operations" [_thread_blocked, id=16368, stack(0x0000009ceba00000,0x0000009cebb00000)]
  0x0000021741f37000 JavaThread "Unconstrained build operations Thread 2" [_thread_blocked, id=16316, stack(0x0000009cebb00000,0x0000009cebc00000)]
  0x0000021741f31800 JavaThread "Unconstrained build operations Thread 3" [_thread_blocked, id=14832, stack(0x0000009cebd00000,0x0000009cebe00000)]
  0x0000021741f38000 JavaThread "Unconstrained build operations Thread 4" [_thread_blocked, id=7444, stack(0x0000009cebe00000,0x0000009cebf00000)]
  0x0000021741f34000 JavaThread "Unconstrained build operations Thread 5" [_thread_blocked, id=8272, stack(0x0000009cebf00000,0x0000009cec000000)]
  0x0000021741f34800 JavaThread "Unconstrained build operations Thread 6" [_thread_blocked, id=10108, stack(0x0000009cec000000,0x0000009cec100000)]
  0x000002173daf6800 JavaThread "Unconstrained build operations Thread 7" [_thread_blocked, id=15648, stack(0x0000009cec100000,0x0000009cec200000)]
  0x000002173daf0800 JavaThread "Unconstrained build operations Thread 8" [_thread_blocked, id=3348, stack(0x0000009cec200000,0x0000009cec300000)]
  0x000002173daf8000 JavaThread "Unconstrained build operations Thread 9" [_thread_blocked, id=6364, stack(0x0000009cec300000,0x0000009cec400000)]
  0x000002173dafc000 JavaThread "Unconstrained build operations Thread 10" [_thread_blocked, id=6872, stack(0x0000009cec400000,0x0000009cec500000)]
  0x000002173dafa800 JavaThread "Unconstrained build operations Thread 11" [_thread_blocked, id=17684, stack(0x0000009cec500000,0x0000009cec600000)]
  0x000002173daf9000 JavaThread "Unconstrained build operations Thread 12" [_thread_blocked, id=9352, stack(0x0000009cec600000,0x0000009cec700000)]
  0x000002173daf9800 JavaThread "Unconstrained build operations Thread 13" [_thread_blocked, id=13920, stack(0x0000009cec700000,0x0000009cec800000)]
  0x000002173dafb000 JavaThread "Unconstrained build operations Thread 14" [_thread_blocked, id=1032, stack(0x0000009cec800000,0x0000009cec900000)]
  0x000002173ec42000 JavaThread "Unconstrained build operations Thread 15" [_thread_blocked, id=15180, stack(0x0000009cec900000,0x0000009ceca00000)]
  0x000002173ec41800 JavaThread "Unconstrained build operations Thread 16" [_thread_blocked, id=8032, stack(0x0000009ceca00000,0x0000009cecb00000)]
  0x000002173ec43000 JavaThread "Unconstrained build operations Thread 17" [_thread_blocked, id=12256, stack(0x0000009cecb00000,0x0000009cecc00000)]
  0x00000217416d5000 JavaThread "Unconstrained build operations Thread 18" [_thread_blocked, id=9144, stack(0x0000009cecc00000,0x0000009cecd00000)]
  0x00000217416d2000 JavaThread "Unconstrained build operations Thread 19" [_thread_blocked, id=5716, stack(0x0000009cecd00000,0x0000009cece00000)]
  0x00000217416d3800 JavaThread "Unconstrained build operations Thread 20" [_thread_blocked, id=15812, stack(0x0000009cece00000,0x0000009cecf00000)]
  0x00000217416d4800 JavaThread "Unconstrained build operations Thread 21" [_thread_blocked, id=5740, stack(0x0000009cecf00000,0x0000009ced000000)]
  0x00000217416d2800 JavaThread "Unconstrained build operations Thread 22" [_thread_blocked, id=2052, stack(0x0000009ced000000,0x0000009ced100000)]
  0x00000217416d6000 JavaThread "Unconstrained build operations Thread 23" [_thread_blocked, id=11476, stack(0x0000009ced100000,0x0000009ced200000)]
  0x00000217416d0800 JavaThread "Unconstrained build operations Thread 24" [_thread_blocked, id=9332, stack(0x0000009ced200000,0x0000009ced300000)]
  0x00000217416d7000 JavaThread "Unconstrained build operations Thread 25" [_thread_new, id=5588, stack(0x0000009ced300000,0x0000009ced400000)]
  0x00000217416d1000 JavaThread "Unconstrained build operations Thread 26" [_thread_blocked, id=15444, stack(0x0000009ced400000,0x0000009ced500000)]
  0x00000217416db800 JavaThread "Unconstrained build operations Thread 27" [_thread_blocked, id=5448, stack(0x0000009ced500000,0x0000009ced600000)]
  0x00000217416d8800 JavaThread "Unconstrained build operations Thread 28" [_thread_blocked, id=3768, stack(0x0000009ced600000,0x0000009ced700000)]
  0x00000217416d9000 JavaThread "Unconstrained build operations Thread 29" [_thread_new, id=10088, stack(0x0000000000000000,0x0000000000000000)]
  0x00000217416dc800 JavaThread "Unconstrained build operations Thread 30" [_thread_blocked, id=1340, stack(0x0000009ced800000,0x0000009ced900000)]
  0x00000217416da000 JavaThread "Unconstrained build operations Thread 31" [_thread_blocked, id=16240, stack(0x0000009ced900000,0x0000009ceda00000)]
  0x00000217416dd800 JavaThread "Unconstrained build operations Thread 32" [_thread_blocked, id=7380, stack(0x0000009ceda00000,0x0000009cedb00000)]
  0x00000217416d7800 JavaThread "Unconstrained build operations Thread 33" [_thread_blocked, id=12172, stack(0x0000009cedb00000,0x0000009cedc00000)]

Other Threads:
  0x000002173ce16800 VMThread "VM Thread" [stack: 0x0000009ce8a00000,0x0000009ce8b00000] [id=5640]
  0x000002173d914800 WatcherThread [stack: 0x0000009ce9400000,0x0000009ce9500000] [id=5896]
  0x00000217229bb800 GCTaskThread "GC Thread#0" [stack: 0x0000009ce8500000,0x0000009ce8600000] [id=14292]
  0x000002173dc3e000 GCTaskThread "GC Thread#1" [stack: 0x0000009ce9600000,0x0000009ce9700000] [id=2488]
  0x000002173e8eb800 GCTaskThread "GC Thread#2" [stack: 0x0000009ce9700000,0x0000009ce9800000] [id=2380]
  0x000002173eba9000 GCTaskThread "GC Thread#3" [stack: 0x0000009cea100000,0x0000009cea200000] [id=9536]
  0x000002173f7c5800 GCTaskThread "GC Thread#4" [stack: 0x0000009cea200000,0x0000009cea300000] [id=14484]
  0x000002173f783000 GCTaskThread "GC Thread#5" [stack: 0x0000009cea300000,0x0000009cea400000] [id=11524]
  0x000002173db7f000 GCTaskThread "GC Thread#6" [stack: 0x0000009cea400000,0x0000009cea500000] [id=5556]
  0x000002173de77000 GCTaskThread "GC Thread#7" [stack: 0x0000009cea500000,0x0000009cea600000] [id=14376]
  0x00000217229eb000 ConcurrentGCThread "G1 Main Marker" [stack: 0x0000009ce8600000,0x0000009ce8700000] [id=1584]
=>0x00000217229ed000 ConcurrentGCThread "G1 Conc#0" [stack: 0x0000009ce8700000,0x0000009ce8800000] [id=1468]
  0x000002173f82e000 ConcurrentGCThread "G1 Conc#1" [stack: 0x0000009cea900000,0x0000009ceaa00000] [id=15804]
  0x000002173cc80800 ConcurrentGCThread "G1 Refine#0" [stack: 0x0000009ce8800000,0x0000009ce8900000] [id=2684]
  0x000002173cc81800 ConcurrentGCThread "G1 Young RemSet Sampling" [stack: 0x0000009ce8900000,0x0000009ce8a00000] [id=2764]

Threads with active compile tasks:
C2 CompilerThread1 440535 11343       4       org.gradle.internal.service.DefaultServiceRegistry$SingletonService::getAll (23 bytes)

VM state:not at safepoint (normal execution)

VM Mutex/Monitor currently owned by a thread: None

Heap address: 0x0000000080000000, size: 2048 MB, Compressed Oops mode: 32-bit
Narrow klass base: 0x0000000000000000, Narrow klass shift: 3
Compressed class space size: 528482304 Address: 0x0000000100000000

Heap:
 garbage-first heap   total 129024K, used 106295K [0x0000000080000000, 0x0000000100000000)
  region size 1024K, 7 young (7168K), 2 survivors (2048K)
 Metaspace       used 101066K, capacity 104389K, committed 104660K, reserved 608256K
  class space    used 13251K, capacity 14521K, committed 14540K, reserved 516096K
Heap Regions: E=young(eden), S=young(survivor), O=old, HS=humongous(starts), HC=humongous(continues), CS=collection set, F=free, A=archive, TAMS=top-at-mark-start (previous, next)
|   0|0x0000000080000000, 0x0000000080100000, 0x0000000080100000|100%| O|  |TAMS 0x0000000080100000, 0x0000000080100000| Untracked 
|   1|0x0000000080100000, 0x0000000080200000, 0x0000000080200000|100%| O|  |TAMS 0x0000000080200000, 0x0000000080200000| Untracked 
|   2|0x0000000080200000, 0x0000000080300000, 0x0000000080300000|100%| O|  |TAMS 0x0000000080300000, 0x0000000080300000| Untracked 
|   3|0x0000000080300000, 0x0000000080400000, 0x0000000080400000|100%|HS|  |TAMS 0x0000000080400000, 0x0000000080400000| Complete 
|   4|0x0000000080400000, 0x0000000080500000, 0x0000000080500000|100%|HC|  |TAMS 0x0000000080500000, 0x0000000080500000| Complete 
|   5|0x0000000080500000, 0x0000000080600000, 0x0000000080600000|100%|HC|  |TAMS 0x0000000080600000, 0x0000000080600000| Complete 
|   6|0x0000000080600000, 0x0000000080700000, 0x0000000080700000|100%| O|  |TAMS 0x0000000080700000, 0x0000000080700000| Untracked 
|   7|0x0000000080700000, 0x0000000080800000, 0x0000000080800000|100%| O|  |TAMS 0x0000000080800000, 0x0000000080800000| Untracked 
|   8|0x0000000080800000, 0x0000000080900000, 0x0000000080900000|100%| O|  |TAMS 0x0000000080900000, 0x0000000080900000| Untracked 
|   9|0x0000000080900000, 0x0000000080a00000, 0x0000000080a00000|100%| O|  |TAMS 0x0000000080a00000, 0x0000000080a00000| Untracked 
|  10|0x0000000080a00000, 0x0000000080b00000, 0x0000000080b00000|100%| O|  |TAMS 0x0000000080b00000, 0x0000000080b00000| Untracked 
|  11|0x0000000080b00000, 0x0000000080c00000, 0x0000000080c00000|100%| O|  |TAMS 0x0000000080c00000, 0x0000000080c00000| Untracked 
|  12|0x0000000080c00000, 0x0000000080d00000, 0x0000000080d00000|100%| O|  |TAMS 0x0000000080d00000, 0x0000000080d00000| Untracked 
|  13|0x0000000080d00000, 0x0000000080e00000, 0x0000000080e00000|100%| O|  |TAMS 0x0000000080e00000, 0x0000000080e00000| Untracked 
|  14|0x0000000080e00000, 0x0000000080f00000, 0x0000000080f00000|100%| O|  |TAMS 0x0000000080f00000, 0x0000000080f00000| Untracked 
|  15|0x0000000080f00000, 0x0000000081000000, 0x0000000081000000|100%| O|  |TAMS 0x0000000081000000, 0x0000000081000000| Untracked 
|  16|0x0000000081000000, 0x0000000081100000, 0x0000000081100000|100%| O|  |TAMS 0x0000000081100000, 0x0000000081100000| Untracked 
|  17|0x0000000081100000, 0x0000000081200000, 0x0000000081200000|100%| O|  |TAMS 0x0000000081200000, 0x0000000081200000| Untracked 
|  18|0x0000000081200000, 0x0000000081300000, 0x0000000081300000|100%| O|  |TAMS 0x0000000081300000, 0x0000000081300000| Untracked 
|  19|0x0000000081300000, 0x0000000081400000, 0x0000000081400000|100%| O|  |TAMS 0x0000000081400000, 0x0000000081400000| Untracked 
|  20|0x0000000081400000, 0x0000000081500000, 0x0000000081500000|100%| O|  |TAMS 0x0000000081500000, 0x0000000081500000| Untracked 
|  21|0x0000000081500000, 0x0000000081600000, 0x0000000081600000|100%| O|  |TAMS 0x0000000081600000, 0x0000000081600000| Untracked 
|  22|0x0000000081600000, 0x0000000081700000, 0x0000000081700000|100%| O|  |TAMS 0x0000000081700000, 0x0000000081700000| Untracked 
|  23|0x0000000081700000, 0x0000000081800000, 0x0000000081800000|100%| O|  |TAMS 0x0000000081800000, 0x0000000081800000| Untracked 
|  24|0x0000000081800000, 0x0000000081900000, 0x0000000081900000|100%| O|  |TAMS 0x0000000081900000, 0x0000000081900000| Untracked 
|  25|0x0000000081900000, 0x0000000081a00000, 0x0000000081a00000|100%| O|  |TAMS 0x0000000081a00000, 0x0000000081a00000| Untracked 
|  26|0x0000000081a00000, 0x0000000081b00000, 0x0000000081b00000|100%| O|  |TAMS 0x0000000081b00000, 0x0000000081b00000| Untracked 
|  27|0x0000000081b00000, 0x0000000081c00000, 0x0000000081c00000|100%| O|  |TAMS 0x0000000081b00000, 0x0000000081b00000| Untracked 
|  28|0x0000000081c00000, 0x0000000081d00000, 0x0000000081d00000|100%|HS|  |TAMS 0x0000000081d00000, 0x0000000081d00000| Complete 
|  29|0x0000000081d00000, 0x0000000081e00000, 0x0000000081e00000|100%|HS|  |TAMS 0x0000000081e00000, 0x0000000081e00000| Complete 
|  30|0x0000000081e00000, 0x0000000081f00000, 0x0000000081f00000|100%|HC|  |TAMS 0x0000000081f00000, 0x0000000081f00000| Complete 
|  31|0x0000000081f00000, 0x0000000082000000, 0x0000000082000000|100%|HC|  |TAMS 0x0000000082000000, 0x0000000082000000| Complete 
|  32|0x0000000082000000, 0x0000000082100000, 0x0000000082100000|100%| O|  |TAMS 0x0000000082100000, 0x0000000082100000| Untracked 
|  33|0x0000000082100000, 0x0000000082200000, 0x0000000082200000|100%| O|  |TAMS 0x0000000082200000, 0x0000000082200000| Untracked 
|  34|0x0000000082200000, 0x0000000082300000, 0x0000000082300000|100%| O|  |TAMS 0x0000000082300000, 0x0000000082300000| Untracked 
|  35|0x0000000082300000, 0x0000000082400000, 0x0000000082400000|100%| O|  |TAMS 0x0000000082400000, 0x0000000082400000| Untracked 
|  36|0x0000000082400000, 0x0000000082500000, 0x0000000082500000|100%| O|  |TAMS 0x0000000082500000, 0x0000000082500000| Untracked 
|  37|0x0000000082500000, 0x0000000082600000, 0x0000000082600000|100%| O|  |TAMS 0x0000000082600000, 0x0000000082600000| Untracked 
|  38|0x0000000082600000, 0x0000000082700000, 0x0000000082700000|100%| O|  |TAMS 0x0000000082700000, 0x0000000082700000| Untracked 
|  39|0x0000000082700000, 0x0000000082800000, 0x0000000082800000|100%| O|  |TAMS 0x0000000082800000, 0x0000000082800000| Untracked 
|  40|0x0000000082800000, 0x0000000082900000, 0x0000000082900000|100%| O|  |TAMS 0x0000000082900000, 0x0000000082900000| Untracked 
|  41|0x0000000082900000, 0x0000000082a00000, 0x0000000082a00000|100%| O|  |TAMS 0x0000000082a00000, 0x0000000082a00000| Untracked 
|  42|0x0000000082a00000, 0x0000000082b00000, 0x0000000082b00000|100%| O|  |TAMS 0x0000000082b00000, 0x0000000082b00000| Untracked 
|  43|0x0000000082b00000, 0x0000000082c00000, 0x0000000082c00000|100%| O|  |TAMS 0x0000000082c00000, 0x0000000082c00000| Untracked 
|  44|0x0000000082c00000, 0x0000000082d00000, 0x0000000082d00000|100%| O|  |TAMS 0x0000000082d00000, 0x0000000082d00000| Untracked 
|  45|0x0000000082d00000, 0x0000000082e00000, 0x0000000082e00000|100%| O|  |TAMS 0x0000000082e00000, 0x0000000082e00000| Untracked 
|  46|0x0000000082e00000, 0x0000000082f00000, 0x0000000082f00000|100%| O|  |TAMS 0x0000000082f00000, 0x0000000082f00000| Untracked 
|  47|0x0000000082f00000, 0x0000000083000000, 0x0000000083000000|100%| O|  |TAMS 0x0000000083000000, 0x0000000083000000| Untracked 
|  48|0x0000000083000000, 0x0000000083100000, 0x0000000083100000|100%| O|  |TAMS 0x0000000083100000, 0x0000000083100000| Untracked 
|  49|0x0000000083100000, 0x0000000083200000, 0x0000000083200000|100%| O|  |TAMS 0x0000000083200000, 0x0000000083200000| Untracked 
|  50|0x0000000083200000, 0x0000000083300000, 0x0000000083300000|100%|HS|  |TAMS 0x0000000083300000, 0x0000000083300000| Complete 
|  51|0x0000000083300000, 0x0000000083400000, 0x0000000083400000|100%|HS|  |TAMS 0x0000000083400000, 0x0000000083400000| Complete 
|  52|0x0000000083400000, 0x0000000083500000, 0x0000000083500000|100%| O|  |TAMS 0x0000000083500000, 0x0000000083500000| Untracked 
|  53|0x0000000083500000, 0x0000000083600000, 0x0000000083600000|100%| O|  |TAMS 0x0000000083600000, 0x0000000083600000| Untracked 
|  54|0x0000000083600000, 0x0000000083700000, 0x0000000083700000|100%| O|  |TAMS 0x0000000083700000, 0x0000000083700000| Untracked 
|  55|0x0000000083700000, 0x0000000083800000, 0x0000000083800000|100%| O|  |TAMS 0x0000000083800000, 0x0000000083800000| Untracked 
|  56|0x0000000083800000, 0x0000000083900000, 0x0000000083900000|100%| O|  |TAMS 0x0000000083900000, 0x0000000083900000| Untracked 
|  57|0x0000000083900000, 0x0000000083a00000, 0x0000000083a00000|100%| O|  |TAMS 0x0000000083a00000, 0x0000000083a00000| Untracked 
|  58|0x0000000083a00000, 0x0000000083b00000, 0x0000000083b00000|100%| O|  |TAMS 0x0000000083b00000, 0x0000000083b00000| Untracked 
|  59|0x0000000083b00000, 0x0000000083c00000, 0x0000000083c00000|100%| O|  |TAMS 0x0000000083c00000, 0x0000000083c00000| Untracked 
|  60|0x0000000083c00000, 0x0000000083d00000, 0x0000000083d00000|100%| O|  |TAMS 0x0000000083d00000, 0x0000000083d00000| Untracked 
|  61|0x0000000083d00000, 0x0000000083e00000, 0x0000000083e00000|100%| O|  |TAMS 0x0000000083e00000, 0x0000000083e00000| Untracked 
|  62|0x0000000083e00000, 0x0000000083f00000, 0x0000000083f00000|100%| O|  |TAMS 0x0000000083f00000, 0x0000000083f00000| Untracked 
|  63|0x0000000083f00000, 0x0000000084000000, 0x0000000084000000|100%|HS|  |TAMS 0x0000000084000000, 0x0000000084000000| Complete 
|  64|0x0000000084000000, 0x0000000084100000, 0x0000000084100000|100%|HC|  |TAMS 0x0000000084100000, 0x0000000084100000| Complete 
|  65|0x0000000084100000, 0x0000000084200000, 0x0000000084200000|100%| O|  |TAMS 0x0000000084200000, 0x0000000084200000| Untracked 
|  66|0x0000000084200000, 0x0000000084300000, 0x0000000084300000|100%| O|  |TAMS 0x0000000084300000, 0x0000000084300000| Untracked 
|  67|0x0000000084300000, 0x0000000084400000, 0x0000000084400000|100%| O|  |TAMS 0x0000000084400000, 0x0000000084400000| Untracked 
|  68|0x0000000084400000, 0x0000000084500000, 0x0000000084500000|100%| O|  |TAMS 0x0000000084500000, 0x0000000084500000| Untracked 
|  69|0x0000000084500000, 0x0000000084600000, 0x0000000084600000|100%| O|  |TAMS 0x0000000084600000, 0x0000000084600000| Untracked 
|  70|0x0000000084600000, 0x0000000084700000, 0x0000000084700000|100%| O|  |TAMS 0x0000000084700000, 0x0000000084700000| Untracked 
|  71|0x0000000084700000, 0x0000000084800000, 0x0000000084800000|100%| O|  |TAMS 0x0000000084800000, 0x0000000084800000| Untracked 
|  72|0x0000000084800000, 0x0000000084900000, 0x0000000084900000|100%| O|  |TAMS 0x0000000084900000, 0x0000000084900000| Untracked 
|  73|0x0000000084900000, 0x0000000084a00000, 0x0000000084a00000|100%| O|  |TAMS 0x0000000084a00000, 0x0000000084a00000| Untracked 
|  74|0x0000000084a00000, 0x0000000084b00000, 0x0000000084b00000|100%| O|  |TAMS 0x0000000084b00000, 0x0000000084b00000| Untracked 
|  75|0x0000000084b00000, 0x0000000084c00000, 0x0000000084c00000|100%| O|  |TAMS 0x0000000084c00000, 0x0000000084c00000| Untracked 
|  76|0x0000000084c00000, 0x0000000084d00000, 0x0000000084d00000|100%| O|  |TAMS 0x0000000084d00000, 0x0000000084d00000| Untracked 
|  77|0x0000000084d00000, 0x0000000084e00000, 0x0000000084e00000|100%| O|  |TAMS 0x0000000084e00000, 0x0000000084e00000| Untracked 
|  78|0x0000000084e00000, 0x0000000084f00000, 0x0000000084f00000|100%| O|  |TAMS 0x0000000084f00000, 0x0000000084f00000| Untracked 
|  79|0x0000000084f00000, 0x0000000085000000, 0x0000000085000000|100%| O|  |TAMS 0x0000000085000000, 0x0000000085000000| Untracked 
|  80|0x0000000085000000, 0x0000000085100000, 0x0000000085100000|100%| O|  |TAMS 0x0000000085100000, 0x0000000085100000| Untracked 
|  81|0x0000000085100000, 0x0000000085200000, 0x0000000085200000|100%| O|  |TAMS 0x0000000085200000, 0x0000000085200000| Untracked 
|  82|0x0000000085200000, 0x0000000085300000, 0x0000000085300000|100%| O|  |TAMS 0x0000000085300000, 0x0000000085300000| Untracked 
|  83|0x0000000085300000, 0x0000000085400000, 0x0000000085400000|100%| O|  |TAMS 0x0000000085400000, 0x0000000085400000| Untracked 
|  84|0x0000000085400000, 0x0000000085500000, 0x0000000085500000|100%| O|  |TAMS 0x0000000085500000, 0x0000000085500000| Untracked 
|  85|0x0000000085500000, 0x0000000085600000, 0x0000000085600000|100%| O|  |TAMS 0x0000000085600000, 0x0000000085600000| Untracked 
|  86|0x0000000085600000, 0x0000000085700000, 0x0000000085700000|100%| O|  |TAMS 0x0000000085700000, 0x0000000085700000| Untracked 
|  87|0x0000000085700000, 0x0000000085800000, 0x0000000085800000|100%| O|  |TAMS 0x0000000085800000, 0x0000000085800000| Untracked 
|  88|0x0000000085800000, 0x0000000085900000, 0x0000000085900000|100%| O|  |TAMS 0x0000000085900000, 0x0000000085900000| Untracked 
|  89|0x0000000085900000, 0x0000000085a00000, 0x0000000085a00000|100%| O|  |TAMS 0x0000000085a00000, 0x0000000085a00000| Untracked 
|  90|0x0000000085a00000, 0x0000000085b00000, 0x0000000085b00000|100%| O|  |TAMS 0x0000000085b00000, 0x0000000085b00000| Untracked 
|  91|0x0000000085b00000, 0x0000000085c00000, 0x0000000085c00000|100%| O|  |TAMS 0x0000000085c00000, 0x0000000085c00000| Untracked 
|  92|0x0000000085c00000, 0x0000000085d00000, 0x0000000085d00000|100%| O|  |TAMS 0x0000000085d00000, 0x0000000085d00000| Untracked 
|  93|0x0000000085d00000, 0x0000000085e00000, 0x0000000085e00000|100%| O|  |TAMS 0x0000000085e00000, 0x0000000085e00000| Untracked 
|  94|0x0000000085e00000, 0x0000000085f00000, 0x0000000085f00000|100%| O|  |TAMS 0x0000000085f00000, 0x0000000085f00000| Untracked 
|  95|0x0000000085f00000, 0x0000000086000000, 0x0000000086000000|100%| O|  |TAMS 0x0000000086000000, 0x0000000086000000| Untracked 
|  96|0x0000000086000000, 0x0000000086100000, 0x0000000086100000|100%| O|  |TAMS 0x0000000086100000, 0x0000000086100000| Untracked 
|  97|0x0000000086100000, 0x0000000086200000, 0x0000000086200000|100%| O|  |TAMS 0x00000000861c2600, 0x00000000861c2600| Untracked 
|  98|0x0000000086200000, 0x000000008627bc00, 0x0000000086300000| 48%| O|  |TAMS 0x0000000086200000, 0x0000000086200000| Untracked 
|  99|0x0000000086300000, 0x0000000086300000, 0x0000000086400000|  0%| F|  |TAMS 0x0000000086300000, 0x0000000086300000| Untracked 
| 100|0x0000000086400000, 0x0000000086400000, 0x0000000086500000|  0%| F|  |TAMS 0x0000000086400000, 0x0000000086400000| Untracked 
| 101|0x0000000086500000, 0x0000000086500000, 0x0000000086600000|  0%| F|  |TAMS 0x0000000086500000, 0x0000000086500000| Untracked 
| 102|0x0000000086600000, 0x0000000086600000, 0x0000000086700000|  0%| F|  |TAMS 0x0000000086600000, 0x0000000086600000| Untracked 
| 103|0x0000000086700000, 0x0000000086700000, 0x0000000086800000|  0%| F|  |TAMS 0x0000000086700000, 0x0000000086700000| Untracked 
| 104|0x0000000086800000, 0x0000000086800000, 0x0000000086900000|  0%| F|  |TAMS 0x0000000086800000, 0x0000000086800000| Untracked 
| 105|0x0000000086900000, 0x0000000086900000, 0x0000000086a00000|  0%| F|  |TAMS 0x0000000086900000, 0x0000000086900000| Untracked 
| 106|0x0000000086a00000, 0x0000000086a00000, 0x0000000086b00000|  0%| F|  |TAMS 0x0000000086a00000, 0x0000000086a00000| Untracked 
| 107|0x0000000086b00000, 0x0000000086b00000, 0x0000000086c00000|  0%| F|  |TAMS 0x0000000086b00000, 0x0000000086b00000| Untracked 
| 108|0x0000000086c00000, 0x0000000086c00000, 0x0000000086d00000|  0%| F|  |TAMS 0x0000000086c00000, 0x0000000086c00000| Untracked 
| 109|0x0000000086d00000, 0x0000000086d00000, 0x0000000086e00000|  0%| F|  |TAMS 0x0000000086d00000, 0x0000000086d00000| Untracked 
| 110|0x0000000086e00000, 0x0000000086e00000, 0x0000000086f00000|  0%| F|  |TAMS 0x0000000086e00000, 0x0000000086e00000| Untracked 
| 111|0x0000000086f00000, 0x0000000086f00000, 0x0000000087000000|  0%| F|  |TAMS 0x0000000086f00000, 0x0000000086f00000| Untracked 
| 112|0x0000000087000000, 0x0000000087052228, 0x0000000087100000| 32%| S|CS|TAMS 0x0000000087000000, 0x0000000087000000| Complete 
| 113|0x0000000087100000, 0x0000000087100000, 0x0000000087200000|  0%| F|  |TAMS 0x0000000087100000, 0x0000000087100000| Untracked 
| 114|0x0000000087200000, 0x0000000087200000, 0x0000000087300000|  0%| F|  |TAMS 0x0000000087200000, 0x0000000087200000| Untracked 
| 115|0x0000000087300000, 0x0000000087400000, 0x0000000087400000|100%| S|CS|TAMS 0x0000000087300000, 0x0000000087300000| Complete 
| 116|0x0000000087400000, 0x0000000087400000, 0x0000000087500000|  0%| F|  |TAMS 0x0000000087400000, 0x0000000087400000| Untracked 
| 117|0x0000000087500000, 0x0000000087500000, 0x0000000087600000|  0%| F|  |TAMS 0x0000000087500000, 0x0000000087500000| Untracked 
| 118|0x0000000087600000, 0x0000000087600000, 0x0000000087700000|  0%| F|  |TAMS 0x0000000087600000, 0x0000000087600000| Untracked 
| 119|0x0000000087700000, 0x0000000087700000, 0x0000000087800000|  0%| F|  |TAMS 0x0000000087700000, 0x0000000087700000| Untracked 
| 120|0x0000000087800000, 0x0000000087800000, 0x0000000087900000|  0%| F|  |TAMS 0x0000000087800000, 0x0000000087800000| Untracked 
| 121|0x0000000087900000, 0x000000008799d108, 0x0000000087a00000| 61%| E|  |TAMS 0x0000000087900000, 0x0000000087900000| Complete 
| 122|0x0000000087a00000, 0x0000000087b00000, 0x0000000087b00000|100%| E|CS|TAMS 0x0000000087a00000, 0x0000000087a00000| Complete 
| 123|0x0000000087b00000, 0x0000000087c00000, 0x0000000087c00000|100%| E|CS|TAMS 0x0000000087b00000, 0x0000000087b00000| Complete 
| 124|0x0000000087c00000, 0x0000000087d00000, 0x0000000087d00000|100%| E|CS|TAMS 0x0000000087c00000, 0x0000000087c00000| Complete 
| 125|0x0000000087d00000, 0x0000000087e00000, 0x0000000087e00000|100%| E|CS|TAMS 0x0000000087d00000, 0x0000000087d00000| Complete 

Card table byte_map: [0x0000021735bf0000,0x0000021735ff0000] _byte_map_base: 0x00000217357f0000

Marking Bits (Prev, Next): (CMBitMap*) 0x00000217229e24a8, (CMBitMap*) 0x00000217229e24e0
 Prev Bits: [0x00000217363f0000, 0x00000217383f0000)
 Next Bits: [0x00000217383f0000, 0x000002173a3f0000)

Polling page: 0x0000021720b30000

Metaspace:

Usage:
  Non-class:     87.76 MB capacity,    85.76 MB ( 98%) used,     1.71 MB (  2%) free+waste,   306.00 KB ( <1%) overhead. 
      Class:     14.18 MB capacity,    12.94 MB ( 91%) used,     1.10 MB (  8%) free+waste,   144.50 KB ( <1%) overhead. 
       Both:    101.94 MB capacity,    98.70 MB ( 97%) used,     2.80 MB (  3%) free+waste,   450.50 KB ( <1%) overhead. 

Virtual space:
  Non-class space:       90.00 MB reserved,      88.01 MB ( 98%) committed 
      Class space:      504.00 MB reserved,      14.20 MB (  3%) committed 
             Both:      594.00 MB reserved,     102.21 MB ( 17%) committed 

Chunk freelists:
   Non-Class:  0 bytes
       Class:  0 bytes
        Both:  0 bytes

MaxMetaspaceSize: 512.00 MB
CompressedClassSpaceSize: 504.00 MB
Initial GC threshold: 20.80 MB
Current GC threshold: 168.05 MB
CDS: off

CodeHeap 'non-profiled nmethods': size=120000Kb used=6958Kb max_used=6958Kb free=113041Kb
 bounds [0x000002172df90000, 0x000002172e660000, 0x00000217354c0000]
CodeHeap 'profiled nmethods': size=120000Kb used=25170Kb max_used=25170Kb free=94829Kb
 bounds [0x0000021726a60000, 0x0000021728300000, 0x000002172df90000]
CodeHeap 'non-nmethods': size=5760Kb used=2413Kb max_used=2462Kb free=3346Kb
 bounds [0x00000217264c0000, 0x0000021726740000, 0x0000021726a60000]
 total_blobs=12322 nmethods=11372 adapters=862
 compilation: enabled
              stopped_count=0, restarted_count=0
 full_count=0

Compilation events (20 events):
Event: 440.266 Thread 0x000002173ce40800 11360       3       java.io.FileInputStream::<init> (122 bytes)
Event: 440.268 Thread 0x000002173ce40800 nmethod 11360 0x00000217282a9010 code [0x00000217282a9300, 0x00000217282aa218]
Event: 440.268 Thread 0x000002173ce40800 11362       3       java.io.FileInputStream$1::close (11 bytes)
Event: 440.268 Thread 0x000002173ce40800 nmethod 11362 0x00000217282aa790 code [0x00000217282aa980, 0x00000217282aafd8]
Event: 440.276 Thread 0x000002173ce40800 11363   !   3       org.apache.commons.lang.reflect.MethodUtils::getMatchingAccessibleMethod (122 bytes)
Event: 440.279 Thread 0x000002173ce40800 nmethod 11363 0x00000217282ab210 code [0x00000217282ab500, 0x00000217282ac2d8]
Event: 440.279 Thread 0x000002173ce40800 11364       3       org.gradle.composite.internal.DefaultRootBuildState::calculateIdentityPathForProject (2 bytes)
Event: 440.279 Thread 0x000002173ce40800 nmethod 11364 0x00000217282ac890 code [0x00000217282aca40, 0x00000217282acb38]
Event: 440.279 Thread 0x000002173ce40800 11365       1       org.gradle.api.internal.project.DefaultProjectStateRegistry$ProjectStateImpl::getName (5 bytes)
Event: 440.279 Thread 0x000002173ce40800 nmethod 11365 0x000002172e653090 code [0x000002172e653240, 0x000002172e6532f8]
Event: 440.281 Thread 0x000002173ce40800 11366       3       org.gradle.initialization.NotifyingBuildLoader$$Lambda$162/0x000000010031f440::compare (12 bytes)
Event: 440.281 Thread 0x000002173ce40800 nmethod 11366 0x00000217282acc10 code [0x00000217282ace00, 0x00000217282ad268]
Event: 440.281 Thread 0x000002173ce40800 11367       3       org.gradle.initialization.NotifyingBuildLoader::lambda$static$0 (16 bytes)
Event: 440.282 Thread 0x000002173ce40800 nmethod 11367 0x00000217282ad410 code [0x00000217282ad5e0, 0x00000217282ad7c8]
Event: 440.282 Thread 0x000002173ce40800 11368       1       org.gradle.api.internal.project.DefaultProject::getName (5 bytes)
Event: 440.282 Thread 0x000002173ce40800 nmethod 11368 0x000002172e653390 code [0x000002172e653540, 0x000002172e6535f8]
Event: 440.285 Thread 0x000002173ce40800 11369       3       org.gradle.internal.logging.sink.OutputEventListenerManager$1::onOutput (33 bytes)
Event: 440.286 Thread 0x000002173ce40800 nmethod 11369 0x00000217282ad910 code [0x00000217282adae0, 0x00000217282addd8]
Event: 440.289 Thread 0x000002173ce40800 11370       1       org.gradle.api.internal.plugins.DefaultPluginManager::access$300 (5 bytes)
Event: 440.289 Thread 0x000002173ce40800 nmethod 11370 0x000002172e653690 code [0x000002172e653840, 0x000002172e6538d8]

GC Heap History (20 events):
Event: 165.204 GC heap before
{Heap before GC invocations=39 (full 0):
 garbage-first heap   total 129024K, used 109191K [0x0000000080000000, 0x0000000100000000)
  region size 1024K, 21 young (21504K), 3 survivors (3072K)
 Metaspace       used 93557K, capacity 96492K, committed 96724K, reserved 600064K
  class space    used 12319K, capacity 13441K, committed 13516K, reserved 516096K
}
Event: 165.213 GC heap after
{Heap after GC invocations=40 (full 0):
 garbage-first heap   total 129024K, used 93646K [0x0000000080000000, 0x0000000100000000)
  region size 1024K, 3 young (3072K), 3 survivors (3072K)
 Metaspace       used 93557K, capacity 96492K, committed 96724K, reserved 600064K
  class space    used 12319K, capacity 13441K, committed 13516K, reserved 516096K
}
Event: 165.532 GC heap before
{Heap before GC invocations=40 (full 0):
 garbage-first heap   total 129024K, used 109006K [0x0000000080000000, 0x0000000100000000)
  region size 1024K, 18 young (18432K), 3 survivors (3072K)
 Metaspace       used 94177K, capacity 97298K, committed 97492K, reserved 600064K
  class space    used 12428K, capacity 13651K, committed 13772K, reserved 516096K
}
Event: 165.544 GC heap after
{Heap after GC invocations=41 (full 0):
 garbage-first heap   total 129024K, used 95493K [0x0000000080000000, 0x0000000100000000)
  region size 1024K, 2 young (2048K), 2 survivors (2048K)
 Metaspace       used 94177K, capacity 97298K, committed 97492K, reserved 600064K
  class space    used 12428K, capacity 13651K, committed 13772K, reserved 516096K
}
Event: 166.268 GC heap before
{Heap before GC invocations=42 (full 0):
 garbage-first heap   total 129024K, used 109829K [0x0000000080000000, 0x0000000100000000)
  region size 1024K, 16 young (16384K), 2 survivors (2048K)
 Metaspace       used 95027K, capacity 98160K, committed 98260K, reserved 602112K
  class space    used 12525K, capacity 13742K, committed 13772K, reserved 516096K
}
Event: 166.278 GC heap after
{Heap after GC invocations=43 (full 0):
 garbage-first heap   total 129024K, used 97669K [0x0000000080000000, 0x0000000100000000)
  region size 1024K, 2 young (2048K), 2 survivors (2048K)
 Metaspace       used 95027K, capacity 98160K, committed 98260K, reserved 602112K
  class space    used 12525K, capacity 13742K, committed 13772K, reserved 516096K
}
Event: 166.668 GC heap before
{Heap before GC invocations=43 (full 0):
 garbage-first heap   total 129024K, used 109957K [0x0000000080000000, 0x0000000100000000)
  region size 1024K, 14 young (14336K), 2 survivors (2048K)
 Metaspace       used 96598K, capacity 99633K, committed 99796K, reserved 602112K
  class space    used 12721K, capacity 13908K, committed 14028K, reserved 516096K
}
Event: 166.680 GC heap after
{Heap after GC invocations=44 (full 0):
 garbage-first heap   total 129024K, used 99586K [0x0000000080000000, 0x0000000100000000)
  region size 1024K, 2 young (2048K), 2 survivors (2048K)
 Metaspace       used 96598K, capacity 99633K, committed 99796K, reserved 602112K
  class space    used 12721K, capacity 13908K, committed 14028K, reserved 516096K
}
Event: 167.218 GC heap before
{Heap before GC invocations=45 (full 0):
 garbage-first heap   total 129024K, used 108802K [0x0000000080000000, 0x0000000100000000)
  region size 1024K, 12 young (12288K), 2 survivors (2048K)
 Metaspace       used 97564K, capacity 100657K, committed 100948K, reserved 604160K
  class space    used 12859K, capacity 14100K, committed 14156K, reserved 516096K
}
Event: 167.229 GC heap after
{Heap after GC invocations=46 (full 0):
 garbage-first heap   total 129024K, used 100061K [0x0000000080000000, 0x0000000100000000)
  region size 1024K, 1 young (1024K), 1 survivors (1024K)
 Metaspace       used 97564K, capacity 100657K, committed 100948K, reserved 604160K
  class space    used 12859K, capacity 14100K, committed 14156K, reserved 516096K
}
Event: 168.819 GC heap before
{Heap before GC invocations=46 (full 0):
 garbage-first heap   total 129024K, used 104157K [0x0000000080000000, 0x0000000100000000)
  region size 1024K, 6 young (6144K), 1 survivors (1024K)
 Metaspace       used 99680K, capacity 102817K, committed 102996K, reserved 606208K
  class space    used 13131K, capacity 14372K, committed 14412K, reserved 516096K
}
Event: 168.826 GC heap after
{Heap after GC invocations=47 (full 0):
 garbage-first heap   total 129024K, used 99840K [0x0000000080000000, 0x0000000100000000)
  region size 1024K, 1 young (1024K), 1 survivors (1024K)
 Metaspace       used 99680K, capacity 102817K, committed 102996K, reserved 606208K
  class space    used 13131K, capacity 14372K, committed 14412K, reserved 516096K
}
Event: 186.749 GC heap before
{Heap before GC invocations=47 (full 0):
 garbage-first heap   total 129024K, used 109056K [0x0000000080000000, 0x0000000100000000)
  region size 1024K, 11 young (11264K), 1 survivors (1024K)
 Metaspace       used 99857K, capacity 103015K, committed 103252K, reserved 606208K
  class space    used 13131K, capacity 14373K, committed 14412K, reserved 516096K
}
Event: 186.758 GC heap after
{Heap after GC invocations=48 (full 0):
 garbage-first heap   total 129024K, used 99891K [0x0000000080000000, 0x0000000100000000)
  region size 1024K, 1 young (1024K), 1 survivors (1024K)
 Metaspace       used 99857K, capacity 103015K, committed 103252K, reserved 606208K
  class space    used 13131K, capacity 14373K, committed 14412K, reserved 516096K
}
Event: 383.579 GC heap before
{Heap before GC invocations=49 (full 0):
 garbage-first heap   total 129024K, used 110131K [0x0000000080000000, 0x0000000100000000)
  region size 1024K, 11 young (11264K), 1 survivors (1024K)
 Metaspace       used 100045K, capacity 103239K, committed 103508K, reserved 606208K
  class space    used 13146K, capacity 14381K, committed 14412K, reserved 516096K
}
Event: 383.594 GC heap after
{Heap after GC invocations=50 (full 0):
 garbage-first heap   total 129024K, used 99878K [0x0000000080000000, 0x0000000100000000)
  region size 1024K, 1 young (1024K), 1 survivors (1024K)
 Metaspace       used 100045K, capacity 103239K, committed 103508K, reserved 606208K
  class space    used 13146K, capacity 14381K, committed 14412K, reserved 516096K
}
Event: 440.000 GC heap before
{Heap before GC invocations=50 (full 0):
 garbage-first heap   total 129024K, used 109094K [0x0000000080000000, 0x0000000100000000)
  region size 1024K, 11 young (11264K), 1 survivors (1024K)
 Metaspace       used 100946K, capacity 104233K, committed 104404K, reserved 606208K
  class space    used 13249K, capacity 14517K, committed 14540K, reserved 516096K
}
Event: 440.023 GC heap after
{Heap after GC invocations=51 (full 0):
 garbage-first heap   total 129024K, used 100868K [0x0000000080000000, 0x0000000100000000)
  region size 1024K, 2 young (2048K), 2 survivors (2048K)
 Metaspace       used 100946K, capacity 104233K, committed 104404K, reserved 606208K
  class space    used 13249K, capacity 14517K, committed 14540K, reserved 516096K
}
Event: 440.241 GC heap before
{Heap before GC invocations=51 (full 0):
 garbage-first heap   total 129024K, used 111108K [0x0000000080000000, 0x0000000100000000)
  region size 1024K, 12 young (12288K), 2 survivors (2048K)
 Metaspace       used 100974K, capacity 104309K, committed 104404K, reserved 606208K
  class space    used 13250K, capacity 14520K, committed 14540K, reserved 516096K
}
Event: 440.256 GC heap after
{Heap after GC invocations=52 (full 0):
 garbage-first heap   total 129024K, used 102199K [0x0000000080000000, 0x0000000100000000)
  region size 1024K, 2 young (2048K), 2 survivors (2048K)
 Metaspace       used 100974K, capacity 104309K, committed 104404K, reserved 606208K
  class space    used 13250K, capacity 14520K, committed 14540K, reserved 516096K
}

Deoptimization events (20 events):
Event: 418.185 Thread 0x000002173eba8800 DEOPT PACKING pc=0x000002172e38ba10 sp=0x0000009ce9df9230
Event: 418.185 Thread 0x000002173eba8800 DEOPT UNPACKING pc=0x000002172650a1af sp=0x0000009ce9df91b8 mode 2
Event: 439.976 Thread 0x000002173eba8800 Uncommon trap: trap_request=0xffffff4d fr.pc=0x000002172e30bb48 relative=0x00000000000000a8
Event: 439.976 Thread 0x000002173eba8800 Uncommon trap: reason=unstable_if action=reinterpret pc=0x000002172e30bb48 method=jdk.internal.misc.Unsafe.convEndian(ZJ)J @ 4 c2
Event: 439.976 Thread 0x000002173eba8800 DEOPT PACKING pc=0x000002172e30bb48 sp=0x0000009ce9df9fb0
Event: 439.976 Thread 0x000002173eba8800 DEOPT UNPACKING pc=0x000002172650a1af sp=0x0000009ce9df9e48 mode 2
Event: 439.990 Thread 0x000002173eba8800 Uncommon trap: trap_request=0xffffffc6 fr.pc=0x000002172e37c33c relative=0x000000000000081c
Event: 439.990 Thread 0x000002173eba8800 Uncommon trap: reason=bimorphic_or_optimized_type_check action=maybe_recompile pc=0x000002172e37c33c method=java.util.stream.MatchOps$MatchOp.evaluateSequential(Ljava/util/stream/PipelineHelper;Ljava/util/Spliterator;)Ljava/lang/Boolean; @ 14 c2
Event: 439.990 Thread 0x000002173eba8800 DEOPT PACKING pc=0x000002172e37c33c sp=0x0000009ce9df9ad0
Event: 439.990 Thread 0x000002173eba8800 DEOPT UNPACKING pc=0x000002172650a1af sp=0x0000009ce9df99f8 mode 2
Event: 440.126 Thread 0x000002173eba8800 DEOPT PACKING pc=0x000002172748b071 sp=0x0000009ce9df8590
Event: 440.126 Thread 0x000002173eba8800 DEOPT UNPACKING pc=0x000002172650a95e sp=0x0000009ce9df7a88 mode 0
Event: 440.128 Thread 0x000002173eba8800 DEOPT PACKING pc=0x000002172748b071 sp=0x0000009ce9df8590
Event: 440.128 Thread 0x000002173eba8800 DEOPT UNPACKING pc=0x000002172650a95e sp=0x0000009ce9df7a88 mode 0
Event: 440.131 Thread 0x000002173eba8800 DEOPT PACKING pc=0x000002172748b071 sp=0x0000009ce9df8640
Event: 440.131 Thread 0x000002173eba8800 DEOPT UNPACKING pc=0x000002172650a95e sp=0x0000009ce9df7b38 mode 0
Event: 440.132 Thread 0x000002173eba8800 DEOPT PACKING pc=0x000002172748b071 sp=0x0000009ce9df8470
Event: 440.132 Thread 0x000002173eba8800 DEOPT UNPACKING pc=0x000002172650a95e sp=0x0000009ce9df7968 mode 0
Event: 440.135 Thread 0x000002173eba8800 DEOPT PACKING pc=0x000002172748b071 sp=0x0000009ce9df8400
Event: 440.135 Thread 0x000002173eba8800 DEOPT UNPACKING pc=0x000002172650a95e sp=0x0000009ce9df78f8 mode 0

Classes redefined (0 events):
No events

Internal exceptions (20 events):
Event: 166.060 Thread 0x000002173dafa800 Implicit null exception at 0x000002172e45aa14 to 0x000002172e45afdc
Event: 166.257 Thread 0x000002173dafa800 Exception <a 'sun/nio/fs/WindowsException'{0x00000000870f8cd8}> (0x00000000870f8cd8) thrown at [./src/hotspot/share/prims/jni.cpp, line 616]
Event: 316.201 Thread 0x000002173dafa800 Exception <a 'java/net/SocketTimeoutException'{0x0000000087946ee8}: Read timed out> (0x0000000087946ee8) thrown at [./src/hotspot/share/prims/jni.cpp, line 637]
Event: 347.116 Thread 0x000002173dafa800 Exception <a 'sun/net/ConnectionResetException'{0x0000000087662df8}: > (0x0000000087662df8) thrown at [./src/hotspot/share/prims/jni.cpp, line 637]
Event: 347.116 Thread 0x000002173dafa800 Exception <a 'java/net/SocketException'{0x0000000087664718}: Connection reset by peer: socket write error> (0x0000000087664718) thrown at [./src/hotspot/share/prims/jni.cpp, line 637]
Event: 381.432 Thread 0x000002173dafa800 Exception <a 'java/net/SocketTimeoutException'{0x00000000875e9390}: Read timed out> (0x00000000875e9390) thrown at [./src/hotspot/share/prims/jni.cpp, line 637]
Event: 383.444 Thread 0x000002173dafa800 Exception <a 'java/net/UnknownHostException'{0x00000000875fc528}> (0x00000000875fc528) thrown at [./src/hotspot/share/prims/jni.cpp, line 616]
Event: 383.596 Thread 0x000002173ce1c000 Exception <a 'java/net/SocketException'{0x0000000087d1dcb8}: Socket closed> (0x0000000087d1dcb8) thrown at [./src/hotspot/share/prims/jni.cpp, line 637]
Event: 383.596 Thread 0x000002173ce1c000 Exception <a 'java/net/SocketException'{0x0000000087d1e2d8}: Socket closed> (0x0000000087d1e2d8) thrown at [./src/hotspot/share/prims/jni.cpp, line 637]
Event: 383.622 Thread 0x000002173eba8800 Implicit null exception at 0x000002172e56565b to 0x000002172e5656f0
Event: 383.757 Thread 0x000002173eba8800 Implicit null exception at 0x000002172e5d3330 to 0x000002172e5d7514
Event: 384.260 Thread 0x000002173eba8800 Implicit null exception at 0x000002172e5cf4e7 to 0x000002172e5cf89c
Event: 384.324 Thread 0x000002173d83c800 Exception <a 'java/lang/NoSuchMethodError'{0x00000000878b8dc8}: <clinit>> (0x00000000878b8dc8) thrown at [./src/hotspot/share/prims/jni.cpp, line 1366]
Event: 384.329 Thread 0x000002173d83c800 Exception <a 'java/lang/NoSuchMethodError'{0x00000000878ca190}: <clinit>> (0x00000000878ca190) thrown at [./src/hotspot/share/prims/jni.cpp, line 1366]
Event: 384.329 Thread 0x000002173d83c800 Exception <a 'java/lang/NoSuchMethodError'{0x00000000878cbad0}: <clinit>> (0x00000000878cbad0) thrown at [./src/hotspot/share/prims/jni.cpp, line 1366]
Event: 384.335 Thread 0x000002173d83c800 Exception <a 'java/lang/NoSuchMethodError'{0x00000000878de178}: <clinit>> (0x00000000878de178) thrown at [./src/hotspot/share/prims/jni.cpp, line 1366]
Event: 384.338 Thread 0x000002173d83c800 Exception <a 'java/lang/NoSuchMethodError'{0x00000000878ea520}: <clinit>> (0x00000000878ea520) thrown at [./src/hotspot/share/prims/jni.cpp, line 1366]
Event: 384.360 Thread 0x000002173d83c800 Exception <a 'java/lang/NoSuchMethodError'{0x000000008770b888}: <clinit>> (0x000000008770b888) thrown at [./src/hotspot/share/prims/jni.cpp, line 1366]
Event: 386.423 Thread 0x000002173f168800 Implicit null exception at 0x000002172e45d514 to 0x000002172e45db04
Event: 418.100 Thread 0x000002173eba8800 Implicit null exception at 0x000002172e62e763 to 0x000002172e634e90

Events (20 events):
Event: 418.076 Thread 0x0000021741f29800 Thread added: 0x0000021741f29800
Event: 418.088 Thread 0x0000021741f2d800 Thread added: 0x0000021741f2d800
Event: 418.089 Thread 0x0000021741f2a000 Thread added: 0x0000021741f2a000
Event: 418.090 Thread 0x0000021741f30000 Thread added: 0x0000021741f30000
Event: 418.090 Executing VM operation: RevokeBias
Event: 418.090 Executing VM operation: RevokeBias done
Event: 418.156 Thread 0x0000021741f2e000 Thread added: 0x0000021741f2e000
Event: 418.163 Thread 0x0000021741f2b800 Thread added: 0x0000021741f2b800
Event: 418.172 Thread 0x0000021741f2c800 Thread added: 0x0000021741f2c800
Event: 418.178 Thread 0x0000021741f35800 Thread added: 0x0000021741f35800
Event: 420.949 Executing VM operation: RevokeBias
Event: 420.950 Executing VM operation: RevokeBias done
Event: 439.999 Executing VM operation: G1CollectForAllocation
Event: 440.023 Executing VM operation: G1CollectForAllocation done
Event: 440.130 Thread 0x0000021741bd9000 Thread added: 0x0000021741bd9000
Event: 440.145 Thread 0x0000021741f30800 Thread added: 0x0000021741f30800
Event: 440.184 Executing VM operation: BulkRevokeBias
Event: 440.190 Executing VM operation: BulkRevokeBias done
Event: 440.239 Executing VM operation: G1CollectForAllocation
Event: 440.256 Executing VM operation: G1CollectForAllocation done


Dynamic libraries:
0x00007ff78eac0000 - 0x00007ff78eaca000 	C:\Program Files\Android\Android Studio\jre\bin\java.exe
0x00007ffe3ad50000 - 0x00007ffe3af48000 	C:\WINDOWS\SYSTEM32\ntdll.dll
0x00007ffe38f00000 - 0x00007ffe38fbf000 	C:\WINDOWS\System32\KERNEL32.DLL
0x00007ffe38ab0000 - 0x00007ffe38da6000 	C:\WINDOWS\System32\KERNELBASE.dll
0x00007ffe38460000 - 0x00007ffe38560000 	C:\WINDOWS\System32\ucrtbase.dll
0x00007ffd98e20000 - 0x00007ffd98e39000 	C:\Program Files\Android\Android Studio\jre\bin\jli.dll
0x00007ffe39050000 - 0x00007ffe391ed000 	C:\WINDOWS\System32\USER32.dll
0x00007ffe38a80000 - 0x00007ffe38aa2000 	C:\WINDOWS\System32\win32u.dll
0x00007ffe3a1b0000 - 0x00007ffe3a1dc000 	C:\WINDOWS\System32\GDI32.dll
0x00007ffe38750000 - 0x00007ffe38865000 	C:\WINDOWS\System32\gdi32full.dll
0x00007ffe38870000 - 0x00007ffe3890d000 	C:\WINDOWS\System32\msvcp_win.dll
0x00007ffd98e40000 - 0x00007ffd98e57000 	C:\Program Files\Android\Android Studio\jre\bin\VCRUNTIME140.dll
0x00007ffe37910000 - 0x00007ffe37baa000 	C:\WINDOWS\WinSxS\amd64_microsoft.windows.common-controls_6595b64144ccf1df_6.0.19041.1110_none_60b5254171f9507e\COMCTL32.dll
0x00007ffe38e60000 - 0x00007ffe38efe000 	C:\WINDOWS\System32\msvcrt.dll
0x00007ffe39a10000 - 0x00007ffe39a40000 	C:\WINDOWS\System32\IMM32.DLL
0x00007ffd98740000 - 0x00007ffd987dd000 	C:\Program Files\Android\Android Studio\jre\bin\msvcp140.dll
0x00007ffd97c30000 - 0x00007ffd98732000 	C:\Program Files\Android\Android Studio\jre\bin\server\jvm.dll
0x00007ffe391f0000 - 0x00007ffe3929f000 	C:\WINDOWS\System32\ADVAPI32.dll
0x00007ffe39910000 - 0x00007ffe399ac000 	C:\WINDOWS\System32\sechost.dll
0x00007ffe393d0000 - 0x00007ffe394f6000 	C:\WINDOWS\System32\RPCRT4.dll
0x00007ffe3a390000 - 0x00007ffe3a398000 	C:\WINDOWS\System32\PSAPI.DLL
0x00007ffe1a940000 - 0x00007ffe1a949000 	C:\WINDOWS\SYSTEM32\WSOCK32.dll
0x00007ffe39cd0000 - 0x00007ffe39d3b000 	C:\WINDOWS\System32\WS2_32.dll
0x00007ffe1edd0000 - 0x00007ffe1edf7000 	C:\WINDOWS\SYSTEM32\WINMM.dll
0x00007ffe31e20000 - 0x00007ffe31e2a000 	C:\WINDOWS\SYSTEM32\VERSION.dll
0x00007ffe35e70000 - 0x00007ffe35e82000 	C:\WINDOWS\SYSTEM32\kernel.appcore.dll
0x00007ffd98d40000 - 0x00007ffd98d51000 	C:\Program Files\Android\Android Studio\jre\bin\verify.dll
0x00007ffe37e60000 - 0x00007ffe38044000 	C:\WINDOWS\SYSTEM32\DBGHELP.DLL
0x00007ffe37da0000 - 0x00007ffe37dd4000 	C:\WINDOWS\SYSTEM32\dbgcore.DLL
0x00007ffe38560000 - 0x00007ffe385e2000 	C:\WINDOWS\System32\bcryptPrimitives.dll
0x00007ffd97c00000 - 0x00007ffd97c29000 	C:\Program Files\Android\Android Studio\jre\bin\java.dll
0x00007ffdea9c0000 - 0x00007ffdea9cb000 	C:\Program Files\Android\Android Studio\jre\bin\jimage.dll
0x00007ffd97be0000 - 0x00007ffd97bf8000 	C:\Program Files\Android\Android Studio\jre\bin\zip.dll
0x00007ffe3a3a0000 - 0x00007ffe3aae4000 	C:\WINDOWS\System32\SHELL32.dll
0x00007ffe356c0000 - 0x00007ffe35e53000 	C:\WINDOWS\SYSTEM32\windows.storage.dll
0x00007ffe395b0000 - 0x00007ffe39904000 	C:\WINDOWS\System32\combase.dll
0x00007ffe37710000 - 0x00007ffe3773e000 	C:\WINDOWS\SYSTEM32\Wldp.dll
0x00007ffe39500000 - 0x00007ffe395ad000 	C:\WINDOWS\System32\SHCORE.dll
0x00007ffe3ac30000 - 0x00007ffe3ac85000 	C:\WINDOWS\System32\shlwapi.dll
0x00007ffe38370000 - 0x00007ffe3838f000 	C:\WINDOWS\SYSTEM32\profapi.dll
0x00007ffd97b80000 - 0x00007ffd97b9a000 	C:\Program Files\Android\Android Studio\jre\bin\net.dll
0x00007ffe2bd70000 - 0x00007ffe2be7a000 	C:\WINDOWS\SYSTEM32\WINHTTP.dll
0x00007ffe37480000 - 0x00007ffe374ea000 	C:\WINDOWS\system32\mswsock.dll
0x00007ffd97b60000 - 0x00007ffd97b74000 	C:\Program Files\Android\Android Studio\jre\bin\nio.dll
0x00007ffd97050000 - 0x00007ffd97077000 	C:\Users\user\.gradle\native\e1d6ef7f7dcc3fd88c89a11ec53ec762bb8ba0a96d01ffa2cd45eb1d1d8dd5c5\windows-amd64\native-platform.dll
0x00007ffd96ed0000 - 0x00007ffd97014000 	C:\Users\user\.gradle\native\0d407fdbe67a94daf76414ababcb853783967236a71b16ec16e742cd7a986fd3\windows-amd64\native-platform-file-events.dll
0x00007ffd97030000 - 0x00007ffd9703a000 	C:\Program Files\Android\Android Studio\jre\bin\management.dll
0x00007ffd97020000 - 0x00007ffd9702d000 	C:\Program Files\Android\Android Studio\jre\bin\management_ext.dll
0x00007ffe381c0000 - 0x00007ffe381d8000 	C:\WINDOWS\SYSTEM32\CRYPTSP.dll
0x00007ffe36e20000 - 0x00007ffe36e54000 	C:\WINDOWS\system32\rsaenh.dll
0x00007ffe38430000 - 0x00007ffe38457000 	C:\WINDOWS\System32\bcrypt.dll
0x00007ffe382f0000 - 0x00007ffe3831e000 	C:\WINDOWS\SYSTEM32\USERENV.dll
0x00007ffe376e0000 - 0x00007ffe376ec000 	C:\WINDOWS\SYSTEM32\CRYPTBASE.dll
0x00007ffe37190000 - 0x00007ffe371cc000 	C:\WINDOWS\SYSTEM32\IPHLPAPI.DLL
0x00007ffe39aa0000 - 0x00007ffe39aa8000 	C:\WINDOWS\System32\NSI.dll
0x00007ffe2ab70000 - 0x00007ffe2ab87000 	C:\WINDOWS\SYSTEM32\dhcpcsvc6.DLL
0x00007ffe2ab50000 - 0x00007ffe2ab6d000 	C:\WINDOWS\SYSTEM32\dhcpcsvc.DLL
0x00007ffe371d0000 - 0x00007ffe3729a000 	C:\WINDOWS\SYSTEM32\DNSAPI.dll
0x00007ffe2e990000 - 0x00007ffe2e9b7000 	C:\Program Files\Android\Android Studio\jre\bin\sunec.dll
0x00007ffe2c910000 - 0x00007ffe2c91a000 	C:\Windows\System32\rasadhlp.dll
0x00007ffe2a4e0000 - 0x00007ffe2a562000 	C:\WINDOWS\System32\fwpuclnt.dll

dbghelp: loaded successfully - version: 4.0.5 - missing functions: none
symbol engine: initialized successfully - sym options: 0x614 - pdb path: .;C:\Program Files\Android\Android Studio\jre\bin;C:\WINDOWS\SYSTEM32;C:\WINDOWS\WinSxS\amd64_microsoft.windows.common-controls_6595b64144ccf1df_6.0.19041.1110_none_60b5254171f9507e;C:\Program Files\Android\Android Studio\jre\bin\server;C:\Users\user\.gradle\native\e1d6ef7f7dcc3fd88c89a11ec53ec762bb8ba0a96d01ffa2cd45eb1d1d8dd5c5\windows-amd64;C:\Users\user\.gradle\native\0d407fdbe67a94daf76414ababcb853783967236a71b16ec16e742cd7a986fd3\windows-amd64

VM Arguments:
jvm_args: -XX:MaxMetaspaceSize=512m --add-opens=java.base/java.util=ALL-UNNAMED --add-opens=java.base/java.lang=ALL-UNNAMED --add-opens=java.base/java.lang.invoke=ALL-UNNAMED --add-opens=java.base/java.util=ALL-UNNAMED --add-opens=java.prefs/java.util.prefs=ALL-UNNAMED --add-opens=java.prefs/java.util.prefs=ALL-UNNAMED --add-opens=java.base/java.nio.charset=ALL-UNNAMED --add-opens=java.base/java.net=ALL-UNNAMED --add-opens=java.base/java.util.concurrent.atomic=ALL-UNNAMED -Xmx2048m -Dfile.encoding=windows-1252 -Duser.country=US -Duser.language=en -Duser.variant 
java_command: org.gradle.launcher.daemon.bootstrap.GradleDaemon 7.5.1
java_class_path (initial): C:\Users\user\.gradle\wrapper\dists\gradle-7.5.1-all\1ehga6e77gqps5uk2kc5kf1vc\gradle-7.5.1\lib\gradle-launcher-7.5.1.jar
Launcher Type: SUN_STANDARD

[Global flags]
     intx CICompilerCount                          = 4                                         {product} {ergonomic}
   size_t CompressedClassSpaceSize                 = 528482304                                 {product} {ergonomic}
     uint ConcGCThreads                            = 2                                         {product} {ergonomic}
     uint G1ConcRefinementThreads                  = 8                                         {product} {ergonomic}
   size_t G1HeapRegionSize                         = 1048576                                   {product} {ergonomic}
    uintx GCDrainStackTargetSize                   = 64                                        {product} {ergonomic}
   size_t InitialHeapSize                          = 132120576                                 {product} {ergonomic}
   size_t MarkStackSize                            = 4194304                                   {product} {ergonomic}
   size_t MaxHeapSize                              = 2147483648                                {product} {command line}
   size_t MaxMetaspaceSize                         = 536870912                                 {product} {command line}
   size_t MaxNewSize                               = 1287651328                                {product} {ergonomic}
   size_t MinHeapDeltaBytes                        = 1048576                                   {product} {ergonomic}
    uintx NonNMethodCodeHeapSize                   = 5836300                                {pd product} {ergonomic}
    uintx NonProfiledCodeHeapSize                  = 122910970                              {pd product} {ergonomic}
    uintx ProfiledCodeHeapSize                     = 122910970                              {pd product} {ergonomic}
    uintx ReservedCodeCacheSize                    = 251658240                              {pd product} {ergonomic}
     bool SegmentedCodeCache                       = true                                      {product} {ergonomic}
     bool UseCompressedClassPointers               = true                                 {lp64_product} {ergonomic}
     bool UseCompressedOops                        = true                                 {lp64_product} {ergonomic}
     bool UseG1GC                                  = true                                      {product} {ergonomic}
     bool UseLargePagesIndividualAllocation        = false                                  {pd product} {ergonomic}

Logging:
Log output configuration:
 #0: stdout all=warning uptime,level,tags
 #1: stderr all=off uptime,level,tags

Environment Variables:
JAVA_HOME=C:\Program Files\Android\Android Studio\jre
CLASSPATH=C:\Users\user\Documents\Project\lms\frontend\android\\gradle\wrapper\gradle-wrapper.jar
PATH=C:\Users\user\Documents\Project\lms\frontend\android\node_modules\.bin;C:\Users\user\Documents\Project\lms\frontend\node_modules\.bin;C:\Users\user\Documents\Project\lms\node_modules\.bin;C:\Users\user\Documents\Project\node_modules\.bin;C:\Users\user\Documents\node_modules\.bin;C:\Users\user\node_modules\.bin;C:\Users\node_modules\.bin;C:\node_modules\.bin;C:\Program Files\nodejs;C:\Users\user\Documents\Project\lms\frontend\node_modules\.bin;C:\Users\user\Documents\Project\lms\node_modules\.bin;C:\Users\user\Documents\Project\node_modules\.bin;C:\Users\user\Documents\node_modules\.bin;C:\Users\user\node_modules\.bin;C:\Users\node_modules\.bin;C:\node_modules\.bin;C:\Users\user\AppData\Roaming\nvm\v16.17.1\node_modules\npm\node_modules\@npmcli\run-script\lib\node-gyp-bin;C:\Program Files (x86)\Microsoft SDKs\Azure\CLI2\wbin;C:\Program Files\Eclipse Adoptium\jdk-11.0.16.101-hotspot\bin;C:\WINDOWS\system32;C:\WINDOWS;C:\WINDOWS\System32\Wbem;C:\WINDOWS\System32\WindowsPowerShell\v1.0\;C:\WINDOWS\System32\OpenSSH\;C:\Program Files\Git\cmd;C:\Program Files\Docker\Docker\resources\bin;C:\ProgramData\DockerDesktop\version-bin;C:\Program Files\Amazon\AWSCLIV2\;C:\ProgramData\chocolatey\bin;C:\Program Files\PuTTY\;C:\Users\user\AppData\Roaming\nvm;C:\Program Files\nodejs;C:\Program Files (x86)\Microsoft SQL Server\160\DTS\Binn\;C:\minikube;C:\Program Files\dotnet\;C:\Users\user\AppData\Local\Microsoft\WindowsApps;C:\Users\user\AppData\Local\Programs\Microsoft VS Code\bin;C:\Users\user\AppData\Local\GitHubDesktop\bin;C:\Users\user\AppData\Local\Android\Sdk\platform-tools;C:\Users\user\AppData\Roaming\npm;C:\Program Files\swipl\bin;C:\Users\user\AppData\Roaming\nvm;C:\Program Files\nodejs;C:\Users\user\AppData\Roaming\Python\Python310\Scripts;;C:\Users\user\.ebcli-virtual-env\executables;C:\Users\user\AppData\Local\Programs\Azure Data Studio\bin;C:\Users\user\Documents\Project\lms\frontend\node_modules\.bin
USERNAME=user
LANG=en_US.UTF-8
OS=Windows_NT
PROCESSOR_IDENTIFIER=Intel64 Family 6 Model 142 Stepping 10, GenuineIntel



---------------  S Y S T E M  ---------------

OS: Windows 10 , 64 bit Build 19041 (10.0.19041.3031)
OS uptime: 0 days 0:12 hours
Hyper-V role detected

CPU:total 8 (initial active 8) (4 cores per cpu, 2 threads per core) family 6 model 142 stepping 10 microcode 0xc6, cmov, cx8, fxsr, mmx, sse, sse2, sse3, ssse3, sse4.1, sse4.2, popcnt, avx, avx2, aes, clmul, erms, rtm, 3dnowpref, lzcnt, ht, tsc, tscinvbit, bmi1, bmi2, adx, fma

Memory: 4k page, system-wide physical 8051M (365M free)
TotalPageFile size 17556M (AvailPageFile size 7849M)
current process WorkingSet (physical memory assigned to process): 258M, peak: 410M
current process commit charge ("private bytes"): 428M, peak: 450M

vm_info: OpenJDK 64-Bit Server VM (11.0.13+0-b1751.21-8125866) for windows-amd64 JRE (11.0.13+0-b1751.21-8125866), built on Feb  2 2022 03:00:22 by "builder" with MS VC++ 14.0 (VS2015)

END.
